{
  "stats": {
    "suites": 1,
    "tests": 1,
    "passes": 1,
    "pending": 0,
    "failures": 0,
    "start": "2021-08-21T13:37:02.915Z",
    "end": "2021-08-21T13:37:12.456Z",
    "duration": 9541,
    "testsRegistered": 1,
    "passPercent": 100,
    "pendingPercent": 0,
    "other": 0,
    "hasOther": false,
    "skipped": 0,
    "hasSkipped": false
  },
  "results": [
    {
      "uuid": "51ab4bf7-d19e-4fd6-87eb-a2785ad94693",
      "title": "",
      "fullFile": "cypress/integration/2-protoCommerce_app/shopmobile.spec.js",
      "file": "cypress/integration/2-protoCommerce_app/shopmobile.spec.js",
      "beforeHooks": [],
      "afterHooks": [],
      "tests": [],
      "suites": [
        {
          "uuid": "acf3f936-6d55-40aa-b1d6-9926db0e0e16",
          "title": "SignUp as a new username into the website",
          "fullFile": "",
          "file": "",
          "beforeHooks": [],
          "afterHooks": [],
          "tests": [
            {
              "title": "Shop Device and CheckOut",
              "fullTitle": "SignUp as a new username into the website Shop Device and CheckOut",
              "timedOut": null,
              "duration": 8268,
              "state": "passed",
              "speed": "slow",
              "pass": true,
              "fail": false,
              "pending": false,
              "context": null,
              "code": "cy.visit(Cypress.env('baseUrl') + 'angularpractice/shop');\nshopPage.purchaseDevice();",
              "err": {},
              "uuid": "9ea8f977-2ccc-4e1e-939a-760948e94076",
              "parentUUID": "acf3f936-6d55-40aa-b1d6-9926db0e0e16",
              "isHook": false,
              "skipped": false
            }
          ],
          "suites": [],
          "passes": [
            "9ea8f977-2ccc-4e1e-939a-760948e94076"
          ],
          "failures": [],
          "pending": [],
          "skipped": [],
          "duration": 8268,
          "root": false,
          "rootEmpty": false,
          "_timeout": 2000
        }
      ],
      "passes": [],
      "failures": [],
      "pending": [],
      "skipped": [],
      "duration": 0,
      "root": true,
      "rootEmpty": true,
      "_timeout": 2000
    }
  ],
  "meta": {
    "mocha": {
      "version": "7.0.1"
    },
    "mochawesome": {
      "options": {
        "quiet": false,
        "reportFilename": "mochawesome",
        "saveHtml": true,
        "saveJson": true,
        "consoleReporter": "spec",
        "useInlineDiffs": false,
        "code": true
      },
      "version": "6.2.2"
    },
    "marge": {
      "options": null,
      "version": "5.2.0"
    }
  }
}